<?xml version="1.0" encoding="UTF-8"?>
<!-- Generated by org.testng.reporters.JUnitXMLReporter -->
<testsuite ignored="0" hostname="Harshuuu" failures="0" tests="5" name="ChromeTest" time="35.323" errors="0" timestamp="2026-03-08T22:19:09 IST">
  <testcase classname="capstoneProjct.All_ElementsinUI" name="All_ElementsinUI1" time="5.601"/>
  <testcase classname="capstoneProjct.Class2_Capston" name="Class2_Capston1" time="2.799"/>
  <testcase classname="capstoneProjct.Class3_Capstone" name="Class3_Capstone1" time="18.404"/>
  <testcase classname="capstoneProjct.Class4_Capstone" name="Class4_Capstone1" time="5.659"/>
  <testcase classname="capstoneProjct.Capstone5" name="Capstone51" time="2.796"/>
</testsuite> <!-- ChromeTest -->
