<?xml version="1.0" encoding="UTF-8"?>
<!-- Generated by org.testng.reporters.JUnitXMLReporter -->
<testsuite ignored="0" hostname="Harshuuu" failures="0" tests="5" name="EdgeTest" time="34.189" errors="0" timestamp="2026-03-08T22:19:07 IST">
  <testcase classname="capstoneProjct.All_ElementsinUI" name="All_ElementsinUI1" time="4.299"/>
  <testcase classname="capstoneProjct.Class2_Capston" name="Class2_Capston1" time="3.017"/>
  <testcase classname="capstoneProjct.Class3_Capstone" name="Class3_Capstone1" time="18.319"/>
  <testcase classname="capstoneProjct.Class4_Capstone" name="Class4_Capstone1" time="5.684"/>
  <testcase classname="capstoneProjct.Capstone5" name="Capstone51" time="2.81"/>
</testsuite> <!-- EdgeTest -->
