<?xml version="1.0" encoding="UTF-8"?>
<!-- Generated by org.testng.reporters.JUnitXMLReporter -->
<testsuite ignored="0" hostname="Harshuuu" failures="0" tests="4" name="Default test(failed)" time="17.213" errors="0" timestamp="2026-03-09T11:51:29 IST">
  <testcase classname="apitest.TestNG_API" name="addplace" time="2.691"/>
  <testcase classname="apitest.TestNG_API" name="updateplace" time="11.7"/>
  <testcase classname="apitest.TestNG_API" name="Readplace" time="1.987"/>
  <testcase classname="apitest.TestNG_API" name="deleteplace" time="0.137"/>
</testsuite> <!-- Default test(failed) -->
