<?xml version="1.0" encoding="UTF-8"?>
<!-- Generated by org.testng.reporters.JUnitXMLReporter -->
<testsuite ignored="0" hostname="Harshuuu" failures="0" tests="4" name="Default test" time="9.505" errors="0" timestamp="2026-03-06T14:48:09 IST">
  <testcase classname="apitest.TestNG_API" name="addplace" time="2.553"/>
  <testcase classname="apitest.TestNG_API" name="updateplace" time="2.8"/>
  <testcase classname="apitest.TestNG_API" name="Readplace" time="3.359"/>
  <testcase classname="apitest.TestNG_API" name="deleteplace" time="0.127"/>
</testsuite> <!-- Default test -->
