<?xml version="1.0" encoding="UTF-8"?>
<!-- Generated by org.testng.reporters.JUnitXMLReporter -->
<testsuite ignored="0" hostname="Harshuuu" failures="0" tests="5" name="Capstone Tests" time="48.378" errors="0" timestamp="2026-03-08T22:07:17 IST">
  <testcase classname="capstoneProjct.All_ElementsinUI" name="All_ElementsinUI1" time="4.85"/>
  <testcase classname="capstoneProjct.Class2_Capston" name="Class2_Capston1" time="4.298"/>
  <testcase classname="capstoneProjct.Class3_Capstone" name="Class3_Capstone1" time="20.125"/>
  <testcase classname="capstoneProjct.Class4_Capstone" name="Class4_Capstone1" time="7.64"/>
  <testcase classname="capstoneProjct.Capstone5" name="Capstone51" time="3.082"/>
</testsuite> <!-- Capstone Tests -->
