<?xml version="1.0" encoding="UTF-8"?>
<testng-results ignored="0" total="4" passed="4" failed="0" skipped="0">
  <reporter-output>
  </reporter-output>
  <suite started-at="2026-03-09T11:51:11 IST" name="Failed suite [Default suite]" finished-at="2026-03-09T11:51:29 IST" duration-ms="17213">
    <groups>
    </groups>
    <test started-at="2026-03-09T11:51:11 IST" name="Default test(failed)" finished-at="2026-03-09T11:51:29 IST" duration-ms="17213">
      <class name="apitest.TestNG_API">
        <test-method is-config="true" signature="setup()[pri:0, instance:apitest.TestNG_API@49e53c76]" started-at="2026-03-09T11:51:11 IST" name="setup" finished-at="2026-03-09T11:51:12 IST" duration-ms="641" status="PASS">
          <reporter-output>
          </reporter-output>
        </test-method> <!-- setup -->
        <test-method signature="addplace()[pri:0, instance:apitest.TestNG_API@49e53c76]" started-at="2026-03-09T11:51:12 IST" name="addplace" finished-at="2026-03-09T11:51:15 IST" duration-ms="2691" status="PASS">
          <reporter-output>
          </reporter-output>
        </test-method> <!-- addplace -->
        <test-method signature="updateplace()[pri:0, instance:apitest.TestNG_API@49e53c76]" started-at="2026-03-09T11:51:15 IST" name="updateplace" finished-at="2026-03-09T11:51:26 IST" depends-on-methods="apitest.TestNG_API.addplace" duration-ms="11700" status="PASS">
          <reporter-output>
          </reporter-output>
        </test-method> <!-- updateplace -->
        <test-method signature="Readplace()[pri:0, instance:apitest.TestNG_API@49e53c76]" started-at="2026-03-09T11:51:26 IST" name="Readplace" finished-at="2026-03-09T11:51:28 IST" depends-on-methods="apitest.TestNG_API.updateplace" duration-ms="1987" status="PASS">
          <reporter-output>
          </reporter-output>
        </test-method> <!-- Readplace -->
        <test-method signature="deleteplace()[pri:0, instance:apitest.TestNG_API@49e53c76]" started-at="2026-03-09T11:51:28 IST" name="deleteplace" finished-at="2026-03-09T11:51:29 IST" depends-on-methods="apitest.TestNG_API.Readplace" duration-ms="137" status="PASS">
          <reporter-output>
          </reporter-output>
        </test-method> <!-- deleteplace -->
      </class> <!-- apitest.TestNG_API -->
    </test> <!-- Default test(failed) -->
  </suite> <!-- Failed suite [Default suite] -->
</testng-results>
