<?xml version="1.0" encoding="UTF-8"?>
<!-- Generated by org.testng.reporters.JUnitReportReporter -->
<testsuite hostname="Harshuuu" failures="0" tests="2" name="capstoneProjct.Capstone5" time="5.606" errors="0" timestamp="2026-03-08T22:19:09 IST" skipped="0">
  <testcase classname="capstoneProjct.Capstone5" name="Capstone51" time="2.796"/>
  <system-out/>
  <testcase classname="capstoneProjct.Capstone5" name="Capstone51" time="2.810"/>
  <system-out/>
</testsuite> <!-- capstoneProjct.Capstone5 -->
