<?xml version="1.0" encoding="UTF-8"?>
<!-- Generated by org.testng.reporters.JUnitReportReporter -->
<testsuite hostname="Harshuuu" failures="0" tests="2" name="capstoneProjct.Class4_Capstone" time="11.343" errors="0" timestamp="2026-03-08T22:19:09 IST" skipped="0">
  <testcase classname="capstoneProjct.Class4_Capstone" name="Class4_Capstone1" time="5.659"/>
  <system-out/>
  <testcase classname="capstoneProjct.Class4_Capstone" name="Class4_Capstone1" time="5.684"/>
  <system-out/>
</testsuite> <!-- capstoneProjct.Class4_Capstone -->
