<?xml version="1.0" encoding="UTF-8"?>
<!-- Generated by org.testng.reporters.JUnitReportReporter -->
<testsuite hostname="Harshuuu" failures="0" tests="3" name="mavenProjectTest1.Test2" time="24.896" errors="0" timestamp="2026-02-15T21:21:33 IST" skipped="0">
  <testcase classname="mavenProjectTest1.Test2" name="testyo" time="4.817"/>
  <system-out/>
  <testcase classname="mavenProjectTest1.Test2" name="WebElementTest" time="20.077"/>
  <system-out/>
  <testcase classname="mavenProjectTest1.Test2" name="test" time="0.002"/>
  <system-out/>
</testsuite> <!-- mavenProjectTest1.Test2 -->
