<?xml version="1.0" encoding="UTF-8"?>
<!-- Generated by org.testng.reporters.JUnitReportReporter -->
<testsuite hostname="Harshuuu" failures="0" tests="2" name="capstoneProjct.All_ElementsinUI" time="9.900" errors="0" timestamp="2026-03-08T22:19:09 IST" skipped="0">
  <testcase classname="capstoneProjct.All_ElementsinUI" name="All_ElementsinUI1" time="4.299"/>
  <system-out/>
  <testcase classname="capstoneProjct.All_ElementsinUI" name="All_ElementsinUI1" time="5.601"/>
  <system-out/>
</testsuite> <!-- capstoneProjct.All_ElementsinUI -->
