<?xml version="1.0" encoding="UTF-8"?>
<!-- Generated by org.testng.reporters.JUnitReportReporter -->
<testsuite hostname="Harshuuu" failures="0" tests="4" name="apitest.TestNG_API" time="16.515" errors="0" timestamp="2026-03-09T11:51:29 IST" skipped="0">
  <testcase classname="apitest.TestNG_API" name="Readplace" time="1.987"/>
  <system-out/>
  <testcase classname="apitest.TestNG_API" name="deleteplace" time="0.137"/>
  <system-out/>
  <testcase classname="apitest.TestNG_API" name="updateplace" time="11.700"/>
  <system-out/>
  <testcase classname="apitest.TestNG_API" name="addplace" time="2.691"/>
  <system-out/>
</testsuite> <!-- apitest.TestNG_API -->
