<?xml version="1.0" encoding="UTF-8"?>
<!-- Generated by org.testng.reporters.JUnitReportReporter -->
<testsuite hostname="Harshuuu" failures="0" tests="2" name="capstoneProjct.Class3_Capstone" time="36.723" errors="0" timestamp="2026-03-08T22:19:09 IST" skipped="0">
  <testcase classname="capstoneProjct.Class3_Capstone" name="Class3_Capstone1" time="18.404"/>
  <system-out/>
  <testcase classname="capstoneProjct.Class3_Capstone" name="Class3_Capstone1" time="18.319"/>
  <system-out/>
</testsuite> <!-- capstoneProjct.Class3_Capstone -->
