<?xml version="1.0" encoding="UTF-8"?>
<!-- Generated by org.testng.reporters.JUnitReportReporter -->
<testsuite hostname="Harshuuu" failures="0" tests="2" name="capstoneProjct.Class2_Capston" time="5.816" errors="0" timestamp="2026-03-08T22:19:09 IST" skipped="0">
  <testcase classname="capstoneProjct.Class2_Capston" name="Class2_Capston1" time="2.799"/>
  <system-out/>
  <testcase classname="capstoneProjct.Class2_Capston" name="Class2_Capston1" time="3.017"/>
  <system-out/>
</testsuite> <!-- capstoneProjct.Class2_Capston -->
